[2024-12-27T14:19:11.886+0000] {processor.py:161} INFO - Started process (PID=25) to work on /opt/airflow/dags/raw_data_scheduling.py
[2024-12-27T14:19:11.888+0000] {processor.py:830} INFO - Processing file /opt/airflow/dags/raw_data_scheduling.py for tasks to queue
[2024-12-27T14:19:11.892+0000] {logging_mixin.py:188} INFO - [2024-12-27T14:19:11.891+0000] {dagbag.py:545} INFO - Filling up the DagBag from /opt/airflow/dags/raw_data_scheduling.py
[2024-12-27T14:19:16.640+0000] {processor.py:840} INFO - DAG(s) 'asdadas3' retrieved from /opt/airflow/dags/raw_data_scheduling.py
[2024-12-27T14:19:17.176+0000] {logging_mixin.py:188} INFO - [2024-12-27T14:19:17.175+0000] {override.py:1900} INFO - Created Permission View: can edit on DAG:asdadas3
[2024-12-27T14:19:17.198+0000] {logging_mixin.py:188} INFO - [2024-12-27T14:19:17.198+0000] {override.py:1900} INFO - Created Permission View: can delete on DAG:asdadas3
[2024-12-27T14:19:17.213+0000] {logging_mixin.py:188} INFO - [2024-12-27T14:19:17.212+0000] {override.py:1900} INFO - Created Permission View: can read on DAG:asdadas3
[2024-12-27T14:19:17.215+0000] {logging_mixin.py:188} INFO - [2024-12-27T14:19:17.214+0000] {dag.py:3089} INFO - Sync 1 DAGs
[2024-12-27T14:19:17.240+0000] {logging_mixin.py:188} INFO - [2024-12-27T14:19:17.239+0000] {dag.py:3111} INFO - Creating ORM DAG for asdadas3
[2024-12-27T14:19:17.263+0000] {logging_mixin.py:188} INFO - [2024-12-27T14:19:17.263+0000] {dag.py:3947} INFO - Setting next_dagrun for asdadas3 to 2024-12-27 14:10:00+00:00, run_after=2024-12-27 14:15:00+00:00
[2024-12-27T14:19:17.299+0000] {processor.py:183} INFO - Processing /opt/airflow/dags/raw_data_scheduling.py took 5.429 seconds
[2024-12-27T14:19:47.586+0000] {processor.py:161} INFO - Started process (PID=39) to work on /opt/airflow/dags/raw_data_scheduling.py
[2024-12-27T14:19:47.588+0000] {processor.py:830} INFO - Processing file /opt/airflow/dags/raw_data_scheduling.py for tasks to queue
[2024-12-27T14:19:47.592+0000] {logging_mixin.py:188} INFO - [2024-12-27T14:19:47.591+0000] {dagbag.py:545} INFO - Filling up the DagBag from /opt/airflow/dags/raw_data_scheduling.py
[2024-12-27T14:19:49.215+0000] {processor.py:840} INFO - DAG(s) 'asdadas3' retrieved from /opt/airflow/dags/raw_data_scheduling.py
[2024-12-27T14:19:49.289+0000] {logging_mixin.py:188} INFO - [2024-12-27T14:19:49.288+0000] {dag.py:3089} INFO - Sync 1 DAGs
[2024-12-27T14:19:49.360+0000] {logging_mixin.py:188} INFO - [2024-12-27T14:19:49.360+0000] {dag.py:3947} INFO - Setting next_dagrun for asdadas3 to 2024-12-27 14:10:00+00:00, run_after=2024-12-27 14:15:00+00:00
[2024-12-27T14:19:49.420+0000] {processor.py:183} INFO - Processing /opt/airflow/dags/raw_data_scheduling.py took 1.849 seconds
[2024-12-27T14:20:19.603+0000] {processor.py:161} INFO - Started process (PID=47) to work on /opt/airflow/dags/raw_data_scheduling.py
[2024-12-27T14:20:19.605+0000] {processor.py:830} INFO - Processing file /opt/airflow/dags/raw_data_scheduling.py for tasks to queue
[2024-12-27T14:20:19.609+0000] {logging_mixin.py:188} INFO - [2024-12-27T14:20:19.608+0000] {dagbag.py:545} INFO - Filling up the DagBag from /opt/airflow/dags/raw_data_scheduling.py
[2024-12-27T14:20:20.988+0000] {processor.py:840} INFO - DAG(s) 'asdadas3' retrieved from /opt/airflow/dags/raw_data_scheduling.py
[2024-12-27T14:20:21.036+0000] {logging_mixin.py:188} INFO - [2024-12-27T14:20:21.035+0000] {dag.py:3089} INFO - Sync 1 DAGs
[2024-12-27T14:20:21.075+0000] {logging_mixin.py:188} INFO - [2024-12-27T14:20:21.075+0000] {dag.py:3947} INFO - Setting next_dagrun for asdadas3 to 2024-12-27 14:15:00+00:00, run_after=2024-12-27 14:20:00+00:00
[2024-12-27T14:20:21.110+0000] {processor.py:183} INFO - Processing /opt/airflow/dags/raw_data_scheduling.py took 1.523 seconds
[2024-12-27T14:20:51.397+0000] {processor.py:161} INFO - Started process (PID=55) to work on /opt/airflow/dags/raw_data_scheduling.py
[2024-12-27T14:20:51.398+0000] {processor.py:830} INFO - Processing file /opt/airflow/dags/raw_data_scheduling.py for tasks to queue
[2024-12-27T14:20:51.402+0000] {logging_mixin.py:188} INFO - [2024-12-27T14:20:51.401+0000] {dagbag.py:545} INFO - Filling up the DagBag from /opt/airflow/dags/raw_data_scheduling.py
[2024-12-27T14:20:53.011+0000] {processor.py:840} INFO - DAG(s) 'asdadas3' retrieved from /opt/airflow/dags/raw_data_scheduling.py
[2024-12-27T14:20:53.094+0000] {logging_mixin.py:188} INFO - [2024-12-27T14:20:53.090+0000] {dag.py:3089} INFO - Sync 1 DAGs
[2024-12-27T14:20:53.159+0000] {logging_mixin.py:188} INFO - [2024-12-27T14:20:53.159+0000] {dag.py:3947} INFO - Setting next_dagrun for asdadas3 to 2024-12-27 14:15:00+00:00, run_after=2024-12-27 14:20:00+00:00
[2024-12-27T14:20:53.211+0000] {processor.py:183} INFO - Processing /opt/airflow/dags/raw_data_scheduling.py took 1.829 seconds
[2024-12-27T14:21:23.583+0000] {processor.py:161} INFO - Started process (PID=64) to work on /opt/airflow/dags/raw_data_scheduling.py
[2024-12-27T14:21:23.585+0000] {processor.py:830} INFO - Processing file /opt/airflow/dags/raw_data_scheduling.py for tasks to queue
[2024-12-27T14:21:23.591+0000] {logging_mixin.py:188} INFO - [2024-12-27T14:21:23.590+0000] {dagbag.py:545} INFO - Filling up the DagBag from /opt/airflow/dags/raw_data_scheduling.py
[2024-12-27T14:21:25.370+0000] {processor.py:840} INFO - DAG(s) 'asdadas3' retrieved from /opt/airflow/dags/raw_data_scheduling.py
[2024-12-27T14:21:25.418+0000] {logging_mixin.py:188} INFO - [2024-12-27T14:21:25.417+0000] {dag.py:3089} INFO - Sync 1 DAGs
[2024-12-27T14:21:25.463+0000] {logging_mixin.py:188} INFO - [2024-12-27T14:21:25.463+0000] {dag.py:3947} INFO - Setting next_dagrun for asdadas3 to 2024-12-27 14:15:00+00:00, run_after=2024-12-27 14:20:00+00:00
[2024-12-27T14:21:25.503+0000] {processor.py:183} INFO - Processing /opt/airflow/dags/raw_data_scheduling.py took 1.942 seconds
[2024-12-27T14:21:55.760+0000] {processor.py:161} INFO - Started process (PID=73) to work on /opt/airflow/dags/raw_data_scheduling.py
[2024-12-27T14:21:55.761+0000] {processor.py:830} INFO - Processing file /opt/airflow/dags/raw_data_scheduling.py for tasks to queue
[2024-12-27T14:21:55.764+0000] {logging_mixin.py:188} INFO - [2024-12-27T14:21:55.763+0000] {dagbag.py:545} INFO - Filling up the DagBag from /opt/airflow/dags/raw_data_scheduling.py
[2024-12-27T14:21:57.709+0000] {processor.py:840} INFO - DAG(s) 'asdadas3' retrieved from /opt/airflow/dags/raw_data_scheduling.py
[2024-12-27T14:21:57.767+0000] {logging_mixin.py:188} INFO - [2024-12-27T14:21:57.767+0000] {dag.py:3089} INFO - Sync 1 DAGs
[2024-12-27T14:21:57.817+0000] {logging_mixin.py:188} INFO - [2024-12-27T14:21:57.817+0000] {dag.py:3947} INFO - Setting next_dagrun for asdadas3 to 2024-12-27 14:15:00+00:00, run_after=2024-12-27 14:20:00+00:00
[2024-12-27T14:21:57.856+0000] {processor.py:183} INFO - Processing /opt/airflow/dags/raw_data_scheduling.py took 2.107 seconds
[2024-12-27T14:22:28.027+0000] {processor.py:161} INFO - Started process (PID=81) to work on /opt/airflow/dags/raw_data_scheduling.py
[2024-12-27T14:22:28.030+0000] {processor.py:830} INFO - Processing file /opt/airflow/dags/raw_data_scheduling.py for tasks to queue
[2024-12-27T14:22:28.045+0000] {logging_mixin.py:188} INFO - [2024-12-27T14:22:28.044+0000] {dagbag.py:545} INFO - Filling up the DagBag from /opt/airflow/dags/raw_data_scheduling.py
[2024-12-27T14:22:30.218+0000] {processor.py:840} INFO - DAG(s) 'asdadas3' retrieved from /opt/airflow/dags/raw_data_scheduling.py
[2024-12-27T14:22:30.264+0000] {logging_mixin.py:188} INFO - [2024-12-27T14:22:30.262+0000] {dag.py:3089} INFO - Sync 1 DAGs
[2024-12-27T14:22:30.308+0000] {logging_mixin.py:188} INFO - [2024-12-27T14:22:30.308+0000] {dag.py:3947} INFO - Setting next_dagrun for asdadas3 to 2024-12-27 14:15:00+00:00, run_after=2024-12-27 14:20:00+00:00
[2024-12-27T14:22:30.348+0000] {processor.py:183} INFO - Processing /opt/airflow/dags/raw_data_scheduling.py took 2.347 seconds
[2024-12-27T14:23:00.587+0000] {processor.py:161} INFO - Started process (PID=89) to work on /opt/airflow/dags/raw_data_scheduling.py
[2024-12-27T14:23:00.588+0000] {processor.py:830} INFO - Processing file /opt/airflow/dags/raw_data_scheduling.py for tasks to queue
[2024-12-27T14:23:00.591+0000] {logging_mixin.py:188} INFO - [2024-12-27T14:23:00.590+0000] {dagbag.py:545} INFO - Filling up the DagBag from /opt/airflow/dags/raw_data_scheduling.py
[2024-12-27T14:23:01.716+0000] {processor.py:840} INFO - DAG(s) 'asdadas3' retrieved from /opt/airflow/dags/raw_data_scheduling.py
[2024-12-27T14:23:01.748+0000] {logging_mixin.py:188} INFO - [2024-12-27T14:23:01.748+0000] {dag.py:3089} INFO - Sync 1 DAGs
[2024-12-27T14:23:01.785+0000] {logging_mixin.py:188} INFO - [2024-12-27T14:23:01.785+0000] {dag.py:3947} INFO - Setting next_dagrun for asdadas3 to 2024-12-27 14:15:00+00:00, run_after=2024-12-27 14:20:00+00:00
[2024-12-27T14:23:01.814+0000] {processor.py:183} INFO - Processing /opt/airflow/dags/raw_data_scheduling.py took 1.237 seconds
[2024-12-27T14:23:32.037+0000] {processor.py:161} INFO - Started process (PID=97) to work on /opt/airflow/dags/raw_data_scheduling.py
[2024-12-27T14:23:32.039+0000] {processor.py:830} INFO - Processing file /opt/airflow/dags/raw_data_scheduling.py for tasks to queue
[2024-12-27T14:23:32.043+0000] {logging_mixin.py:188} INFO - [2024-12-27T14:23:32.042+0000] {dagbag.py:545} INFO - Filling up the DagBag from /opt/airflow/dags/raw_data_scheduling.py
[2024-12-27T14:23:33.310+0000] {processor.py:840} INFO - DAG(s) 'asdadas3' retrieved from /opt/airflow/dags/raw_data_scheduling.py
[2024-12-27T14:23:33.345+0000] {logging_mixin.py:188} INFO - [2024-12-27T14:23:33.344+0000] {dag.py:3089} INFO - Sync 1 DAGs
[2024-12-27T14:23:33.385+0000] {logging_mixin.py:188} INFO - [2024-12-27T14:23:33.385+0000] {dag.py:3947} INFO - Setting next_dagrun for asdadas3 to 2024-12-27 14:15:00+00:00, run_after=2024-12-27 14:20:00+00:00
[2024-12-27T14:23:33.426+0000] {processor.py:183} INFO - Processing /opt/airflow/dags/raw_data_scheduling.py took 1.403 seconds
[2024-12-27T14:24:03.658+0000] {processor.py:161} INFO - Started process (PID=105) to work on /opt/airflow/dags/raw_data_scheduling.py
[2024-12-27T14:24:03.659+0000] {processor.py:830} INFO - Processing file /opt/airflow/dags/raw_data_scheduling.py for tasks to queue
[2024-12-27T14:24:03.662+0000] {logging_mixin.py:188} INFO - [2024-12-27T14:24:03.661+0000] {dagbag.py:545} INFO - Filling up the DagBag from /opt/airflow/dags/raw_data_scheduling.py
[2024-12-27T14:24:04.893+0000] {processor.py:840} INFO - DAG(s) 'asdadas3' retrieved from /opt/airflow/dags/raw_data_scheduling.py
[2024-12-27T14:24:04.935+0000] {logging_mixin.py:188} INFO - [2024-12-27T14:24:04.934+0000] {dag.py:3089} INFO - Sync 1 DAGs
[2024-12-27T14:24:04.986+0000] {logging_mixin.py:188} INFO - [2024-12-27T14:24:04.986+0000] {dag.py:3947} INFO - Setting next_dagrun for asdadas3 to 2024-12-27 14:15:00+00:00, run_after=2024-12-27 14:20:00+00:00
[2024-12-27T14:24:05.029+0000] {processor.py:183} INFO - Processing /opt/airflow/dags/raw_data_scheduling.py took 1.380 seconds
[2024-12-27T14:24:35.271+0000] {processor.py:161} INFO - Started process (PID=113) to work on /opt/airflow/dags/raw_data_scheduling.py
[2024-12-27T14:24:35.275+0000] {processor.py:830} INFO - Processing file /opt/airflow/dags/raw_data_scheduling.py for tasks to queue
[2024-12-27T14:24:35.279+0000] {logging_mixin.py:188} INFO - [2024-12-27T14:24:35.279+0000] {dagbag.py:545} INFO - Filling up the DagBag from /opt/airflow/dags/raw_data_scheduling.py
[2024-12-27T14:24:36.520+0000] {processor.py:840} INFO - DAG(s) 'asdadas3' retrieved from /opt/airflow/dags/raw_data_scheduling.py
[2024-12-27T14:24:36.558+0000] {logging_mixin.py:188} INFO - [2024-12-27T14:24:36.557+0000] {dag.py:3089} INFO - Sync 1 DAGs
[2024-12-27T14:24:36.597+0000] {logging_mixin.py:188} INFO - [2024-12-27T14:24:36.597+0000] {dag.py:3947} INFO - Setting next_dagrun for asdadas3 to 2024-12-27 14:15:00+00:00, run_after=2024-12-27 14:20:00+00:00
[2024-12-27T14:24:36.636+0000] {processor.py:183} INFO - Processing /opt/airflow/dags/raw_data_scheduling.py took 1.375 seconds
[2024-12-27T14:25:06.957+0000] {processor.py:161} INFO - Started process (PID=121) to work on /opt/airflow/dags/raw_data_scheduling.py
[2024-12-27T14:25:06.959+0000] {processor.py:830} INFO - Processing file /opt/airflow/dags/raw_data_scheduling.py for tasks to queue
[2024-12-27T14:25:06.963+0000] {logging_mixin.py:188} INFO - [2024-12-27T14:25:06.961+0000] {dagbag.py:545} INFO - Filling up the DagBag from /opt/airflow/dags/raw_data_scheduling.py
[2024-12-27T14:25:08.303+0000] {processor.py:840} INFO - DAG(s) 'asdadas3' retrieved from /opt/airflow/dags/raw_data_scheduling.py
[2024-12-27T14:25:08.338+0000] {logging_mixin.py:188} INFO - [2024-12-27T14:25:08.338+0000] {dag.py:3089} INFO - Sync 1 DAGs
[2024-12-27T14:25:08.373+0000] {logging_mixin.py:188} INFO - [2024-12-27T14:25:08.373+0000] {dag.py:3947} INFO - Setting next_dagrun for asdadas3 to 2024-12-27 14:20:00+00:00, run_after=2024-12-27 14:25:00+00:00
[2024-12-27T14:25:08.409+0000] {processor.py:183} INFO - Processing /opt/airflow/dags/raw_data_scheduling.py took 1.462 seconds
[2024-12-27T14:25:38.673+0000] {processor.py:161} INFO - Started process (PID=129) to work on /opt/airflow/dags/raw_data_scheduling.py
[2024-12-27T14:25:38.675+0000] {processor.py:830} INFO - Processing file /opt/airflow/dags/raw_data_scheduling.py for tasks to queue
[2024-12-27T14:25:38.679+0000] {logging_mixin.py:188} INFO - [2024-12-27T14:25:38.678+0000] {dagbag.py:545} INFO - Filling up the DagBag from /opt/airflow/dags/raw_data_scheduling.py
[2024-12-27T14:25:39.886+0000] {processor.py:840} INFO - DAG(s) 'asdadas3' retrieved from /opt/airflow/dags/raw_data_scheduling.py
[2024-12-27T14:25:39.927+0000] {logging_mixin.py:188} INFO - [2024-12-27T14:25:39.926+0000] {dag.py:3089} INFO - Sync 1 DAGs
[2024-12-27T14:25:39.960+0000] {logging_mixin.py:188} INFO - [2024-12-27T14:25:39.960+0000] {dag.py:3947} INFO - Setting next_dagrun for asdadas3 to 2024-12-27 14:20:00+00:00, run_after=2024-12-27 14:25:00+00:00
[2024-12-27T14:25:39.991+0000] {processor.py:183} INFO - Processing /opt/airflow/dags/raw_data_scheduling.py took 1.331 seconds
[2024-12-27T14:26:10.225+0000] {processor.py:161} INFO - Started process (PID=137) to work on /opt/airflow/dags/raw_data_scheduling.py
[2024-12-27T14:26:10.227+0000] {processor.py:830} INFO - Processing file /opt/airflow/dags/raw_data_scheduling.py for tasks to queue
[2024-12-27T14:26:10.232+0000] {logging_mixin.py:188} INFO - [2024-12-27T14:26:10.231+0000] {dagbag.py:545} INFO - Filling up the DagBag from /opt/airflow/dags/raw_data_scheduling.py
[2024-12-27T14:26:11.812+0000] {processor.py:840} INFO - DAG(s) 'asdadas3' retrieved from /opt/airflow/dags/raw_data_scheduling.py
[2024-12-27T14:26:11.856+0000] {logging_mixin.py:188} INFO - [2024-12-27T14:26:11.855+0000] {dag.py:3089} INFO - Sync 1 DAGs
[2024-12-27T14:26:11.909+0000] {logging_mixin.py:188} INFO - [2024-12-27T14:26:11.908+0000] {dag.py:3947} INFO - Setting next_dagrun for asdadas3 to 2024-12-27 14:20:00+00:00, run_after=2024-12-27 14:25:00+00:00
[2024-12-27T14:26:11.949+0000] {processor.py:183} INFO - Processing /opt/airflow/dags/raw_data_scheduling.py took 1.738 seconds
[2024-12-27T14:26:42.075+0000] {processor.py:161} INFO - Started process (PID=146) to work on /opt/airflow/dags/raw_data_scheduling.py
[2024-12-27T14:26:42.076+0000] {processor.py:830} INFO - Processing file /opt/airflow/dags/raw_data_scheduling.py for tasks to queue
[2024-12-27T14:26:42.079+0000] {logging_mixin.py:188} INFO - [2024-12-27T14:26:42.078+0000] {dagbag.py:545} INFO - Filling up the DagBag from /opt/airflow/dags/raw_data_scheduling.py
[2024-12-27T14:26:43.092+0000] {processor.py:840} INFO - DAG(s) 'asdadas3' retrieved from /opt/airflow/dags/raw_data_scheduling.py
[2024-12-27T14:26:43.130+0000] {logging_mixin.py:188} INFO - [2024-12-27T14:26:43.129+0000] {dag.py:3089} INFO - Sync 1 DAGs
[2024-12-27T14:26:43.173+0000] {logging_mixin.py:188} INFO - [2024-12-27T14:26:43.172+0000] {dag.py:3947} INFO - Setting next_dagrun for asdadas3 to 2024-12-27 14:20:00+00:00, run_after=2024-12-27 14:25:00+00:00
[2024-12-27T14:26:43.215+0000] {processor.py:183} INFO - Processing /opt/airflow/dags/raw_data_scheduling.py took 1.151 seconds
[2024-12-27T14:27:13.377+0000] {processor.py:161} INFO - Started process (PID=154) to work on /opt/airflow/dags/raw_data_scheduling.py
[2024-12-27T14:27:13.379+0000] {processor.py:830} INFO - Processing file /opt/airflow/dags/raw_data_scheduling.py for tasks to queue
[2024-12-27T14:27:13.382+0000] {logging_mixin.py:188} INFO - [2024-12-27T14:27:13.381+0000] {dagbag.py:545} INFO - Filling up the DagBag from /opt/airflow/dags/raw_data_scheduling.py
[2024-12-27T14:27:14.611+0000] {processor.py:840} INFO - DAG(s) 'asdadas3' retrieved from /opt/airflow/dags/raw_data_scheduling.py
[2024-12-27T14:27:14.653+0000] {logging_mixin.py:188} INFO - [2024-12-27T14:27:14.652+0000] {dag.py:3089} INFO - Sync 1 DAGs
[2024-12-27T14:27:14.710+0000] {logging_mixin.py:188} INFO - [2024-12-27T14:27:14.710+0000] {dag.py:3947} INFO - Setting next_dagrun for asdadas3 to 2024-12-27 14:20:00+00:00, run_after=2024-12-27 14:25:00+00:00
[2024-12-27T14:27:14.755+0000] {processor.py:183} INFO - Processing /opt/airflow/dags/raw_data_scheduling.py took 1.388 seconds
[2024-12-27T14:27:44.996+0000] {processor.py:161} INFO - Started process (PID=168) to work on /opt/airflow/dags/raw_data_scheduling.py
[2024-12-27T14:27:44.997+0000] {processor.py:830} INFO - Processing file /opt/airflow/dags/raw_data_scheduling.py for tasks to queue
[2024-12-27T14:27:45.003+0000] {logging_mixin.py:188} INFO - [2024-12-27T14:27:45.002+0000] {dagbag.py:545} INFO - Filling up the DagBag from /opt/airflow/dags/raw_data_scheduling.py
[2024-12-27T14:27:46.205+0000] {processor.py:840} INFO - DAG(s) 'asdadas3' retrieved from /opt/airflow/dags/raw_data_scheduling.py
[2024-12-27T14:27:46.242+0000] {logging_mixin.py:188} INFO - [2024-12-27T14:27:46.241+0000] {dag.py:3089} INFO - Sync 1 DAGs
[2024-12-27T14:27:46.281+0000] {logging_mixin.py:188} INFO - [2024-12-27T14:27:46.280+0000] {dag.py:3947} INFO - Setting next_dagrun for asdadas3 to 2024-12-27 14:20:00+00:00, run_after=2024-12-27 14:25:00+00:00
[2024-12-27T14:27:46.321+0000] {processor.py:183} INFO - Processing /opt/airflow/dags/raw_data_scheduling.py took 1.337 seconds
[2024-12-27T14:28:16.548+0000] {processor.py:161} INFO - Started process (PID=176) to work on /opt/airflow/dags/raw_data_scheduling.py
[2024-12-27T14:28:16.549+0000] {processor.py:830} INFO - Processing file /opt/airflow/dags/raw_data_scheduling.py for tasks to queue
[2024-12-27T14:28:16.552+0000] {logging_mixin.py:188} INFO - [2024-12-27T14:28:16.552+0000] {dagbag.py:545} INFO - Filling up the DagBag from /opt/airflow/dags/raw_data_scheduling.py
[2024-12-27T14:28:17.724+0000] {processor.py:840} INFO - DAG(s) 'asdadas3' retrieved from /opt/airflow/dags/raw_data_scheduling.py
[2024-12-27T14:28:17.767+0000] {logging_mixin.py:188} INFO - [2024-12-27T14:28:17.766+0000] {dag.py:3089} INFO - Sync 1 DAGs
[2024-12-27T14:28:17.810+0000] {logging_mixin.py:188} INFO - [2024-12-27T14:28:17.809+0000] {dag.py:3947} INFO - Setting next_dagrun for asdadas3 to 2024-12-27 14:20:00+00:00, run_after=2024-12-27 14:25:00+00:00
[2024-12-27T14:28:17.851+0000] {processor.py:183} INFO - Processing /opt/airflow/dags/raw_data_scheduling.py took 1.313 seconds
[2024-12-27T14:28:48.148+0000] {processor.py:161} INFO - Started process (PID=184) to work on /opt/airflow/dags/raw_data_scheduling.py
[2024-12-27T14:28:48.150+0000] {processor.py:830} INFO - Processing file /opt/airflow/dags/raw_data_scheduling.py for tasks to queue
[2024-12-27T14:28:48.153+0000] {logging_mixin.py:188} INFO - [2024-12-27T14:28:48.152+0000] {dagbag.py:545} INFO - Filling up the DagBag from /opt/airflow/dags/raw_data_scheduling.py
[2024-12-27T14:28:49.244+0000] {processor.py:840} INFO - DAG(s) 'asdadas3' retrieved from /opt/airflow/dags/raw_data_scheduling.py
[2024-12-27T14:28:49.286+0000] {logging_mixin.py:188} INFO - [2024-12-27T14:28:49.285+0000] {dag.py:3089} INFO - Sync 1 DAGs
[2024-12-27T14:28:49.329+0000] {logging_mixin.py:188} INFO - [2024-12-27T14:28:49.328+0000] {dag.py:3947} INFO - Setting next_dagrun for asdadas3 to 2024-12-27 14:20:00+00:00, run_after=2024-12-27 14:25:00+00:00
[2024-12-27T14:28:49.356+0000] {processor.py:183} INFO - Processing /opt/airflow/dags/raw_data_scheduling.py took 1.219 seconds
[2024-12-27T14:29:19.567+0000] {processor.py:161} INFO - Started process (PID=192) to work on /opt/airflow/dags/raw_data_scheduling.py
[2024-12-27T14:29:19.568+0000] {processor.py:830} INFO - Processing file /opt/airflow/dags/raw_data_scheduling.py for tasks to queue
[2024-12-27T14:29:19.572+0000] {logging_mixin.py:188} INFO - [2024-12-27T14:29:19.571+0000] {dagbag.py:545} INFO - Filling up the DagBag from /opt/airflow/dags/raw_data_scheduling.py
[2024-12-27T14:29:20.721+0000] {processor.py:840} INFO - DAG(s) 'asdadas3' retrieved from /opt/airflow/dags/raw_data_scheduling.py
[2024-12-27T14:29:20.755+0000] {logging_mixin.py:188} INFO - [2024-12-27T14:29:20.754+0000] {dag.py:3089} INFO - Sync 1 DAGs
[2024-12-27T14:29:20.789+0000] {logging_mixin.py:188} INFO - [2024-12-27T14:29:20.788+0000] {dag.py:3947} INFO - Setting next_dagrun for asdadas3 to 2024-12-27 14:20:00+00:00, run_after=2024-12-27 14:25:00+00:00
[2024-12-27T14:29:20.828+0000] {processor.py:183} INFO - Processing /opt/airflow/dags/raw_data_scheduling.py took 1.269 seconds
[2024-12-27T14:29:51.148+0000] {processor.py:161} INFO - Started process (PID=200) to work on /opt/airflow/dags/raw_data_scheduling.py
[2024-12-27T14:29:51.152+0000] {processor.py:830} INFO - Processing file /opt/airflow/dags/raw_data_scheduling.py for tasks to queue
[2024-12-27T14:29:51.167+0000] {logging_mixin.py:188} INFO - [2024-12-27T14:29:51.166+0000] {dagbag.py:545} INFO - Filling up the DagBag from /opt/airflow/dags/raw_data_scheduling.py
[2024-12-27T14:29:52.673+0000] {processor.py:840} INFO - DAG(s) 'asdadas3' retrieved from /opt/airflow/dags/raw_data_scheduling.py
[2024-12-27T14:29:52.707+0000] {logging_mixin.py:188} INFO - [2024-12-27T14:29:52.705+0000] {dag.py:3089} INFO - Sync 1 DAGs
[2024-12-27T14:29:52.746+0000] {logging_mixin.py:188} INFO - [2024-12-27T14:29:52.746+0000] {dag.py:3947} INFO - Setting next_dagrun for asdadas3 to 2024-12-27 14:20:00+00:00, run_after=2024-12-27 14:25:00+00:00
[2024-12-27T14:29:52.775+0000] {processor.py:183} INFO - Processing /opt/airflow/dags/raw_data_scheduling.py took 1.676 seconds
[2024-12-27T14:30:23.043+0000] {processor.py:161} INFO - Started process (PID=208) to work on /opt/airflow/dags/raw_data_scheduling.py
[2024-12-27T14:30:23.045+0000] {processor.py:830} INFO - Processing file /opt/airflow/dags/raw_data_scheduling.py for tasks to queue
[2024-12-27T14:30:23.049+0000] {logging_mixin.py:188} INFO - [2024-12-27T14:30:23.048+0000] {dagbag.py:545} INFO - Filling up the DagBag from /opt/airflow/dags/raw_data_scheduling.py
[2024-12-27T14:30:25.937+0000] {processor.py:840} INFO - DAG(s) 'asdadas3' retrieved from /opt/airflow/dags/raw_data_scheduling.py
[2024-12-27T14:30:26.013+0000] {logging_mixin.py:188} INFO - [2024-12-27T14:30:26.011+0000] {dag.py:3089} INFO - Sync 1 DAGs
[2024-12-27T14:30:26.146+0000] {logging_mixin.py:188} INFO - [2024-12-27T14:30:26.146+0000] {dag.py:3947} INFO - Setting next_dagrun for asdadas3 to 2024-12-27 14:25:00+00:00, run_after=2024-12-27 14:30:00+00:00
[2024-12-27T14:30:26.273+0000] {processor.py:183} INFO - Processing /opt/airflow/dags/raw_data_scheduling.py took 3.217 seconds
[2024-12-27T14:30:56.559+0000] {processor.py:161} INFO - Started process (PID=216) to work on /opt/airflow/dags/raw_data_scheduling.py
[2024-12-27T14:30:56.561+0000] {processor.py:830} INFO - Processing file /opt/airflow/dags/raw_data_scheduling.py for tasks to queue
[2024-12-27T14:30:56.564+0000] {logging_mixin.py:188} INFO - [2024-12-27T14:30:56.564+0000] {dagbag.py:545} INFO - Filling up the DagBag from /opt/airflow/dags/raw_data_scheduling.py
[2024-12-27T14:30:57.717+0000] {processor.py:840} INFO - DAG(s) 'asdadas3' retrieved from /opt/airflow/dags/raw_data_scheduling.py
[2024-12-27T14:30:57.793+0000] {logging_mixin.py:188} INFO - [2024-12-27T14:30:57.792+0000] {dag.py:3089} INFO - Sync 1 DAGs
[2024-12-27T14:30:57.854+0000] {logging_mixin.py:188} INFO - [2024-12-27T14:30:57.854+0000] {dag.py:3947} INFO - Setting next_dagrun for asdadas3 to 2024-12-27 14:25:00+00:00, run_after=2024-12-27 14:30:00+00:00
[2024-12-27T14:30:57.899+0000] {processor.py:183} INFO - Processing /opt/airflow/dags/raw_data_scheduling.py took 1.350 seconds
[2024-12-27T14:31:28.173+0000] {processor.py:161} INFO - Started process (PID=225) to work on /opt/airflow/dags/raw_data_scheduling.py
[2024-12-27T14:31:28.175+0000] {processor.py:830} INFO - Processing file /opt/airflow/dags/raw_data_scheduling.py for tasks to queue
[2024-12-27T14:31:28.180+0000] {logging_mixin.py:188} INFO - [2024-12-27T14:31:28.179+0000] {dagbag.py:545} INFO - Filling up the DagBag from /opt/airflow/dags/raw_data_scheduling.py
[2024-12-27T14:31:30.030+0000] {processor.py:840} INFO - DAG(s) 'asdadas3' retrieved from /opt/airflow/dags/raw_data_scheduling.py
[2024-12-27T14:31:30.123+0000] {logging_mixin.py:188} INFO - [2024-12-27T14:31:30.122+0000] {dag.py:3089} INFO - Sync 1 DAGs
[2024-12-27T14:31:30.224+0000] {logging_mixin.py:188} INFO - [2024-12-27T14:31:30.223+0000] {dag.py:3947} INFO - Setting next_dagrun for asdadas3 to 2024-12-27 14:25:00+00:00, run_after=2024-12-27 14:30:00+00:00
[2024-12-27T14:31:30.298+0000] {processor.py:183} INFO - Processing /opt/airflow/dags/raw_data_scheduling.py took 2.150 seconds
[2024-12-27T14:32:00.550+0000] {processor.py:161} INFO - Started process (PID=233) to work on /opt/airflow/dags/raw_data_scheduling.py
[2024-12-27T14:32:00.552+0000] {processor.py:830} INFO - Processing file /opt/airflow/dags/raw_data_scheduling.py for tasks to queue
[2024-12-27T14:32:00.555+0000] {logging_mixin.py:188} INFO - [2024-12-27T14:32:00.554+0000] {dagbag.py:545} INFO - Filling up the DagBag from /opt/airflow/dags/raw_data_scheduling.py
[2024-12-27T14:32:01.672+0000] {processor.py:840} INFO - DAG(s) 'asdadas3' retrieved from /opt/airflow/dags/raw_data_scheduling.py
[2024-12-27T14:32:01.709+0000] {logging_mixin.py:188} INFO - [2024-12-27T14:32:01.708+0000] {dag.py:3089} INFO - Sync 1 DAGs
[2024-12-27T14:32:01.743+0000] {logging_mixin.py:188} INFO - [2024-12-27T14:32:01.742+0000] {dag.py:3947} INFO - Setting next_dagrun for asdadas3 to 2024-12-27 14:25:00+00:00, run_after=2024-12-27 14:30:00+00:00
[2024-12-27T14:32:01.774+0000] {processor.py:183} INFO - Processing /opt/airflow/dags/raw_data_scheduling.py took 1.235 seconds
[2024-12-27T14:32:32.054+0000] {processor.py:161} INFO - Started process (PID=241) to work on /opt/airflow/dags/raw_data_scheduling.py
[2024-12-27T14:32:32.057+0000] {processor.py:830} INFO - Processing file /opt/airflow/dags/raw_data_scheduling.py for tasks to queue
[2024-12-27T14:32:32.068+0000] {logging_mixin.py:188} INFO - [2024-12-27T14:32:32.061+0000] {dagbag.py:545} INFO - Filling up the DagBag from /opt/airflow/dags/raw_data_scheduling.py
[2024-12-27T14:32:33.184+0000] {processor.py:840} INFO - DAG(s) 'asdadas3' retrieved from /opt/airflow/dags/raw_data_scheduling.py
[2024-12-27T14:32:33.218+0000] {logging_mixin.py:188} INFO - [2024-12-27T14:32:33.217+0000] {dag.py:3089} INFO - Sync 1 DAGs
[2024-12-27T14:32:33.254+0000] {logging_mixin.py:188} INFO - [2024-12-27T14:32:33.253+0000] {dag.py:3947} INFO - Setting next_dagrun for asdadas3 to 2024-12-27 14:25:00+00:00, run_after=2024-12-27 14:30:00+00:00
[2024-12-27T14:32:33.285+0000] {processor.py:183} INFO - Processing /opt/airflow/dags/raw_data_scheduling.py took 1.265 seconds
[2024-12-27T14:33:03.500+0000] {processor.py:161} INFO - Started process (PID=249) to work on /opt/airflow/dags/raw_data_scheduling.py
[2024-12-27T14:33:03.502+0000] {processor.py:830} INFO - Processing file /opt/airflow/dags/raw_data_scheduling.py for tasks to queue
[2024-12-27T14:33:03.506+0000] {logging_mixin.py:188} INFO - [2024-12-27T14:33:03.505+0000] {dagbag.py:545} INFO - Filling up the DagBag from /opt/airflow/dags/raw_data_scheduling.py
[2024-12-27T14:33:04.576+0000] {processor.py:840} INFO - DAG(s) 'asdadas3' retrieved from /opt/airflow/dags/raw_data_scheduling.py
[2024-12-27T14:33:04.608+0000] {logging_mixin.py:188} INFO - [2024-12-27T14:33:04.607+0000] {dag.py:3089} INFO - Sync 1 DAGs
[2024-12-27T14:33:04.645+0000] {logging_mixin.py:188} INFO - [2024-12-27T14:33:04.645+0000] {dag.py:3947} INFO - Setting next_dagrun for asdadas3 to 2024-12-27 14:25:00+00:00, run_after=2024-12-27 14:30:00+00:00
[2024-12-27T14:33:04.675+0000] {processor.py:183} INFO - Processing /opt/airflow/dags/raw_data_scheduling.py took 1.186 seconds
[2024-12-27T14:33:34.893+0000] {processor.py:161} INFO - Started process (PID=257) to work on /opt/airflow/dags/raw_data_scheduling.py
[2024-12-27T14:33:34.895+0000] {processor.py:830} INFO - Processing file /opt/airflow/dags/raw_data_scheduling.py for tasks to queue
[2024-12-27T14:33:34.898+0000] {logging_mixin.py:188} INFO - [2024-12-27T14:33:34.897+0000] {dagbag.py:545} INFO - Filling up the DagBag from /opt/airflow/dags/raw_data_scheduling.py
[2024-12-27T14:33:36.139+0000] {processor.py:840} INFO - DAG(s) 'asdadas3' retrieved from /opt/airflow/dags/raw_data_scheduling.py
[2024-12-27T14:33:36.173+0000] {logging_mixin.py:188} INFO - [2024-12-27T14:33:36.173+0000] {dag.py:3089} INFO - Sync 1 DAGs
[2024-12-27T14:33:36.218+0000] {logging_mixin.py:188} INFO - [2024-12-27T14:33:36.218+0000] {dag.py:3947} INFO - Setting next_dagrun for asdadas3 to 2024-12-27 14:25:00+00:00, run_after=2024-12-27 14:30:00+00:00
[2024-12-27T14:33:36.247+0000] {processor.py:183} INFO - Processing /opt/airflow/dags/raw_data_scheduling.py took 1.364 seconds
[2024-12-27T14:34:06.492+0000] {processor.py:161} INFO - Started process (PID=265) to work on /opt/airflow/dags/raw_data_scheduling.py
[2024-12-27T14:34:06.495+0000] {processor.py:830} INFO - Processing file /opt/airflow/dags/raw_data_scheduling.py for tasks to queue
[2024-12-27T14:34:06.498+0000] {logging_mixin.py:188} INFO - [2024-12-27T14:34:06.498+0000] {dagbag.py:545} INFO - Filling up the DagBag from /opt/airflow/dags/raw_data_scheduling.py
[2024-12-27T14:34:07.979+0000] {processor.py:840} INFO - DAG(s) 'asdadas3' retrieved from /opt/airflow/dags/raw_data_scheduling.py
[2024-12-27T14:34:08.025+0000] {logging_mixin.py:188} INFO - [2024-12-27T14:34:08.024+0000] {dag.py:3089} INFO - Sync 1 DAGs
[2024-12-27T14:34:08.085+0000] {logging_mixin.py:188} INFO - [2024-12-27T14:34:08.085+0000] {dag.py:3947} INFO - Setting next_dagrun for asdadas3 to 2024-12-27 14:25:00+00:00, run_after=2024-12-27 14:30:00+00:00
[2024-12-27T14:34:08.134+0000] {processor.py:183} INFO - Processing /opt/airflow/dags/raw_data_scheduling.py took 1.657 seconds
[2024-12-27T14:34:38.396+0000] {processor.py:161} INFO - Started process (PID=273) to work on /opt/airflow/dags/raw_data_scheduling.py
[2024-12-27T14:34:38.398+0000] {processor.py:830} INFO - Processing file /opt/airflow/dags/raw_data_scheduling.py for tasks to queue
[2024-12-27T14:34:38.400+0000] {logging_mixin.py:188} INFO - [2024-12-27T14:34:38.400+0000] {dagbag.py:545} INFO - Filling up the DagBag from /opt/airflow/dags/raw_data_scheduling.py
[2024-12-27T14:34:39.544+0000] {processor.py:840} INFO - DAG(s) 'asdadas3' retrieved from /opt/airflow/dags/raw_data_scheduling.py
[2024-12-27T14:34:39.581+0000] {logging_mixin.py:188} INFO - [2024-12-27T14:34:39.580+0000] {dag.py:3089} INFO - Sync 1 DAGs
[2024-12-27T14:34:39.617+0000] {logging_mixin.py:188} INFO - [2024-12-27T14:34:39.617+0000] {dag.py:3947} INFO - Setting next_dagrun for asdadas3 to 2024-12-27 14:25:00+00:00, run_after=2024-12-27 14:30:00+00:00
[2024-12-27T14:34:39.651+0000] {processor.py:183} INFO - Processing /opt/airflow/dags/raw_data_scheduling.py took 1.264 seconds
[2024-12-27T14:35:09.917+0000] {processor.py:161} INFO - Started process (PID=281) to work on /opt/airflow/dags/raw_data_scheduling.py
[2024-12-27T14:35:09.919+0000] {processor.py:830} INFO - Processing file /opt/airflow/dags/raw_data_scheduling.py for tasks to queue
[2024-12-27T14:35:09.923+0000] {logging_mixin.py:188} INFO - [2024-12-27T14:35:09.923+0000] {dagbag.py:545} INFO - Filling up the DagBag from /opt/airflow/dags/raw_data_scheduling.py
[2024-12-27T14:35:11.571+0000] {processor.py:840} INFO - DAG(s) 'asdadas3' retrieved from /opt/airflow/dags/raw_data_scheduling.py
[2024-12-27T14:35:11.620+0000] {logging_mixin.py:188} INFO - [2024-12-27T14:35:11.619+0000] {dag.py:3089} INFO - Sync 1 DAGs
[2024-12-27T14:35:11.676+0000] {logging_mixin.py:188} INFO - [2024-12-27T14:35:11.675+0000] {dag.py:3947} INFO - Setting next_dagrun for asdadas3 to 2024-12-27 14:30:00+00:00, run_after=2024-12-27 14:35:00+00:00
[2024-12-27T14:35:11.716+0000] {processor.py:183} INFO - Processing /opt/airflow/dags/raw_data_scheduling.py took 1.816 seconds
[2024-12-27T14:35:41.896+0000] {processor.py:161} INFO - Started process (PID=289) to work on /opt/airflow/dags/raw_data_scheduling.py
[2024-12-27T14:35:41.897+0000] {processor.py:830} INFO - Processing file /opt/airflow/dags/raw_data_scheduling.py for tasks to queue
[2024-12-27T14:35:41.900+0000] {logging_mixin.py:188} INFO - [2024-12-27T14:35:41.900+0000] {dagbag.py:545} INFO - Filling up the DagBag from /opt/airflow/dags/raw_data_scheduling.py
[2024-12-27T14:35:42.977+0000] {processor.py:840} INFO - DAG(s) 'asdadas3' retrieved from /opt/airflow/dags/raw_data_scheduling.py
[2024-12-27T14:35:43.013+0000] {logging_mixin.py:188} INFO - [2024-12-27T14:35:43.013+0000] {dag.py:3089} INFO - Sync 1 DAGs
[2024-12-27T14:35:43.051+0000] {logging_mixin.py:188} INFO - [2024-12-27T14:35:43.051+0000] {dag.py:3947} INFO - Setting next_dagrun for asdadas3 to 2024-12-27 14:30:00+00:00, run_after=2024-12-27 14:35:00+00:00
[2024-12-27T14:35:43.091+0000] {processor.py:183} INFO - Processing /opt/airflow/dags/raw_data_scheduling.py took 1.206 seconds
[2024-12-27T14:36:13.181+0000] {processor.py:161} INFO - Started process (PID=298) to work on /opt/airflow/dags/raw_data_scheduling.py
[2024-12-27T14:36:13.183+0000] {processor.py:830} INFO - Processing file /opt/airflow/dags/raw_data_scheduling.py for tasks to queue
[2024-12-27T14:36:13.187+0000] {logging_mixin.py:188} INFO - [2024-12-27T14:36:13.186+0000] {dagbag.py:545} INFO - Filling up the DagBag from /opt/airflow/dags/raw_data_scheduling.py
[2024-12-27T14:36:14.875+0000] {processor.py:840} INFO - DAG(s) 'asdadas3' retrieved from /opt/airflow/dags/raw_data_scheduling.py
[2024-12-27T14:36:14.959+0000] {logging_mixin.py:188} INFO - [2024-12-27T14:36:14.958+0000] {dag.py:3089} INFO - Sync 1 DAGs
[2024-12-27T14:36:15.061+0000] {logging_mixin.py:188} INFO - [2024-12-27T14:36:15.060+0000] {dag.py:3947} INFO - Setting next_dagrun for asdadas3 to 2024-12-27 14:30:00+00:00, run_after=2024-12-27 14:35:00+00:00
[2024-12-27T14:36:15.121+0000] {processor.py:183} INFO - Processing /opt/airflow/dags/raw_data_scheduling.py took 1.954 seconds
[2024-12-27T14:36:45.458+0000] {processor.py:161} INFO - Started process (PID=312) to work on /opt/airflow/dags/raw_data_scheduling.py
[2024-12-27T14:36:45.460+0000] {processor.py:830} INFO - Processing file /opt/airflow/dags/raw_data_scheduling.py for tasks to queue
[2024-12-27T14:36:45.465+0000] {logging_mixin.py:188} INFO - [2024-12-27T14:36:45.464+0000] {dagbag.py:545} INFO - Filling up the DagBag from /opt/airflow/dags/raw_data_scheduling.py
[2024-12-27T14:36:47.133+0000] {processor.py:840} INFO - DAG(s) 'asdadas3' retrieved from /opt/airflow/dags/raw_data_scheduling.py
[2024-12-27T14:36:47.194+0000] {logging_mixin.py:188} INFO - [2024-12-27T14:36:47.192+0000] {dag.py:3089} INFO - Sync 1 DAGs
[2024-12-27T14:36:47.248+0000] {logging_mixin.py:188} INFO - [2024-12-27T14:36:47.247+0000] {dag.py:3947} INFO - Setting next_dagrun for asdadas3 to 2024-12-27 14:30:00+00:00, run_after=2024-12-27 14:35:00+00:00
[2024-12-27T14:36:47.296+0000] {processor.py:183} INFO - Processing /opt/airflow/dags/raw_data_scheduling.py took 1.860 seconds
[2024-12-27T14:37:17.595+0000] {processor.py:161} INFO - Started process (PID=320) to work on /opt/airflow/dags/raw_data_scheduling.py
[2024-12-27T14:37:17.597+0000] {processor.py:830} INFO - Processing file /opt/airflow/dags/raw_data_scheduling.py for tasks to queue
[2024-12-27T14:37:17.600+0000] {logging_mixin.py:188} INFO - [2024-12-27T14:37:17.599+0000] {dagbag.py:545} INFO - Filling up the DagBag from /opt/airflow/dags/raw_data_scheduling.py
[2024-12-27T14:37:18.782+0000] {processor.py:840} INFO - DAG(s) 'asdadas3' retrieved from /opt/airflow/dags/raw_data_scheduling.py
[2024-12-27T14:37:18.820+0000] {logging_mixin.py:188} INFO - [2024-12-27T14:37:18.819+0000] {dag.py:3089} INFO - Sync 1 DAGs
[2024-12-27T14:37:18.857+0000] {logging_mixin.py:188} INFO - [2024-12-27T14:37:18.856+0000] {dag.py:3947} INFO - Setting next_dagrun for asdadas3 to 2024-12-27 14:30:00+00:00, run_after=2024-12-27 14:35:00+00:00
[2024-12-27T14:37:18.892+0000] {processor.py:183} INFO - Processing /opt/airflow/dags/raw_data_scheduling.py took 1.313 seconds
[2024-12-27T14:37:49.062+0000] {processor.py:161} INFO - Started process (PID=328) to work on /opt/airflow/dags/raw_data_scheduling.py
[2024-12-27T14:37:49.063+0000] {processor.py:830} INFO - Processing file /opt/airflow/dags/raw_data_scheduling.py for tasks to queue
[2024-12-27T14:37:49.066+0000] {logging_mixin.py:188} INFO - [2024-12-27T14:37:49.066+0000] {dagbag.py:545} INFO - Filling up the DagBag from /opt/airflow/dags/raw_data_scheduling.py
[2024-12-27T14:37:50.159+0000] {processor.py:840} INFO - DAG(s) 'asdadas3' retrieved from /opt/airflow/dags/raw_data_scheduling.py
[2024-12-27T14:37:50.191+0000] {logging_mixin.py:188} INFO - [2024-12-27T14:37:50.190+0000] {dag.py:3089} INFO - Sync 1 DAGs
[2024-12-27T14:37:50.228+0000] {logging_mixin.py:188} INFO - [2024-12-27T14:37:50.227+0000] {dag.py:3947} INFO - Setting next_dagrun for asdadas3 to 2024-12-27 14:30:00+00:00, run_after=2024-12-27 14:35:00+00:00
[2024-12-27T14:37:50.259+0000] {processor.py:183} INFO - Processing /opt/airflow/dags/raw_data_scheduling.py took 1.206 seconds
[2024-12-27T14:38:20.329+0000] {processor.py:161} INFO - Started process (PID=337) to work on /opt/airflow/dags/raw_data_scheduling.py
[2024-12-27T14:38:20.330+0000] {processor.py:830} INFO - Processing file /opt/airflow/dags/raw_data_scheduling.py for tasks to queue
[2024-12-27T14:38:20.333+0000] {logging_mixin.py:188} INFO - [2024-12-27T14:38:20.333+0000] {dagbag.py:545} INFO - Filling up the DagBag from /opt/airflow/dags/raw_data_scheduling.py
[2024-12-27T14:38:21.469+0000] {processor.py:840} INFO - DAG(s) 'asdadas3' retrieved from /opt/airflow/dags/raw_data_scheduling.py
[2024-12-27T14:38:21.507+0000] {logging_mixin.py:188} INFO - [2024-12-27T14:38:21.506+0000] {dag.py:3089} INFO - Sync 1 DAGs
[2024-12-27T14:38:21.545+0000] {logging_mixin.py:188} INFO - [2024-12-27T14:38:21.544+0000] {dag.py:3947} INFO - Setting next_dagrun for asdadas3 to 2024-12-27 14:30:00+00:00, run_after=2024-12-27 14:35:00+00:00
[2024-12-27T14:38:21.579+0000] {processor.py:183} INFO - Processing /opt/airflow/dags/raw_data_scheduling.py took 1.262 seconds
[2024-12-27T14:38:51.697+0000] {processor.py:161} INFO - Started process (PID=345) to work on /opt/airflow/dags/raw_data_scheduling.py
[2024-12-27T14:38:51.698+0000] {processor.py:830} INFO - Processing file /opt/airflow/dags/raw_data_scheduling.py for tasks to queue
[2024-12-27T14:38:51.703+0000] {logging_mixin.py:188} INFO - [2024-12-27T14:38:51.701+0000] {dagbag.py:545} INFO - Filling up the DagBag from /opt/airflow/dags/raw_data_scheduling.py
[2024-12-27T14:38:53.958+0000] {processor.py:840} INFO - DAG(s) 'asdadas3' retrieved from /opt/airflow/dags/raw_data_scheduling.py
[2024-12-27T14:38:54.001+0000] {logging_mixin.py:188} INFO - [2024-12-27T14:38:53.999+0000] {dag.py:3089} INFO - Sync 1 DAGs
[2024-12-27T14:38:54.051+0000] {logging_mixin.py:188} INFO - [2024-12-27T14:38:54.050+0000] {dag.py:3947} INFO - Setting next_dagrun for asdadas3 to 2024-12-27 14:30:00+00:00, run_after=2024-12-27 14:35:00+00:00
[2024-12-27T14:38:54.087+0000] {processor.py:183} INFO - Processing /opt/airflow/dags/raw_data_scheduling.py took 2.403 seconds
[2024-12-27T14:39:24.371+0000] {processor.py:161} INFO - Started process (PID=353) to work on /opt/airflow/dags/raw_data_scheduling.py
[2024-12-27T14:39:24.373+0000] {processor.py:830} INFO - Processing file /opt/airflow/dags/raw_data_scheduling.py for tasks to queue
[2024-12-27T14:39:24.377+0000] {logging_mixin.py:188} INFO - [2024-12-27T14:39:24.376+0000] {dagbag.py:545} INFO - Filling up the DagBag from /opt/airflow/dags/raw_data_scheduling.py
[2024-12-27T14:39:25.739+0000] {processor.py:840} INFO - DAG(s) 'asdadas3' retrieved from /opt/airflow/dags/raw_data_scheduling.py
[2024-12-27T14:39:25.781+0000] {logging_mixin.py:188} INFO - [2024-12-27T14:39:25.780+0000] {dag.py:3089} INFO - Sync 1 DAGs
[2024-12-27T14:39:25.823+0000] {logging_mixin.py:188} INFO - [2024-12-27T14:39:25.822+0000] {dag.py:3947} INFO - Setting next_dagrun for asdadas3 to 2024-12-27 14:30:00+00:00, run_after=2024-12-27 14:35:00+00:00
[2024-12-27T14:39:25.855+0000] {processor.py:183} INFO - Processing /opt/airflow/dags/raw_data_scheduling.py took 1.496 seconds
[2024-12-27T14:39:56.156+0000] {processor.py:161} INFO - Started process (PID=361) to work on /opt/airflow/dags/raw_data_scheduling.py
[2024-12-27T14:39:56.158+0000] {processor.py:830} INFO - Processing file /opt/airflow/dags/raw_data_scheduling.py for tasks to queue
[2024-12-27T14:39:56.161+0000] {logging_mixin.py:188} INFO - [2024-12-27T14:39:56.160+0000] {dagbag.py:545} INFO - Filling up the DagBag from /opt/airflow/dags/raw_data_scheduling.py
[2024-12-27T14:39:57.263+0000] {processor.py:840} INFO - DAG(s) 'asdadas3' retrieved from /opt/airflow/dags/raw_data_scheduling.py
[2024-12-27T14:39:57.298+0000] {logging_mixin.py:188} INFO - [2024-12-27T14:39:57.297+0000] {dag.py:3089} INFO - Sync 1 DAGs
[2024-12-27T14:39:57.348+0000] {logging_mixin.py:188} INFO - [2024-12-27T14:39:57.347+0000] {dag.py:3947} INFO - Setting next_dagrun for asdadas3 to 2024-12-27 14:30:00+00:00, run_after=2024-12-27 14:35:00+00:00
[2024-12-27T14:39:57.390+0000] {processor.py:183} INFO - Processing /opt/airflow/dags/raw_data_scheduling.py took 1.244 seconds
[2024-12-27T14:40:27.627+0000] {processor.py:161} INFO - Started process (PID=369) to work on /opt/airflow/dags/raw_data_scheduling.py
[2024-12-27T14:40:27.629+0000] {processor.py:830} INFO - Processing file /opt/airflow/dags/raw_data_scheduling.py for tasks to queue
[2024-12-27T14:40:27.633+0000] {logging_mixin.py:188} INFO - [2024-12-27T14:40:27.632+0000] {dagbag.py:545} INFO - Filling up the DagBag from /opt/airflow/dags/raw_data_scheduling.py
[2024-12-27T14:40:29.194+0000] {processor.py:840} INFO - DAG(s) 'asdadas3' retrieved from /opt/airflow/dags/raw_data_scheduling.py
[2024-12-27T14:40:29.230+0000] {logging_mixin.py:188} INFO - [2024-12-27T14:40:29.230+0000] {dag.py:3089} INFO - Sync 1 DAGs
[2024-12-27T14:40:29.267+0000] {logging_mixin.py:188} INFO - [2024-12-27T14:40:29.267+0000] {dag.py:3947} INFO - Setting next_dagrun for asdadas3 to 2024-12-27 14:35:00+00:00, run_after=2024-12-27 14:40:00+00:00
[2024-12-27T14:40:29.298+0000] {processor.py:183} INFO - Processing /opt/airflow/dags/raw_data_scheduling.py took 1.685 seconds
[2024-12-27T14:40:59.583+0000] {processor.py:161} INFO - Started process (PID=377) to work on /opt/airflow/dags/raw_data_scheduling.py
[2024-12-27T14:40:59.585+0000] {processor.py:830} INFO - Processing file /opt/airflow/dags/raw_data_scheduling.py for tasks to queue
[2024-12-27T14:40:59.589+0000] {logging_mixin.py:188} INFO - [2024-12-27T14:40:59.588+0000] {dagbag.py:545} INFO - Filling up the DagBag from /opt/airflow/dags/raw_data_scheduling.py
[2024-12-27T14:41:00.935+0000] {processor.py:840} INFO - DAG(s) 'asdadas3' retrieved from /opt/airflow/dags/raw_data_scheduling.py
[2024-12-27T14:41:00.967+0000] {logging_mixin.py:188} INFO - [2024-12-27T14:41:00.966+0000] {dag.py:3089} INFO - Sync 1 DAGs
[2024-12-27T14:41:01.011+0000] {logging_mixin.py:188} INFO - [2024-12-27T14:41:01.011+0000] {dag.py:3947} INFO - Setting next_dagrun for asdadas3 to 2024-12-27 14:35:00+00:00, run_after=2024-12-27 14:40:00+00:00
[2024-12-27T14:41:01.050+0000] {processor.py:183} INFO - Processing /opt/airflow/dags/raw_data_scheduling.py took 1.485 seconds
[2024-12-27T14:41:31.271+0000] {processor.py:161} INFO - Started process (PID=385) to work on /opt/airflow/dags/raw_data_scheduling.py
[2024-12-27T14:41:31.272+0000] {processor.py:830} INFO - Processing file /opt/airflow/dags/raw_data_scheduling.py for tasks to queue
[2024-12-27T14:41:31.276+0000] {logging_mixin.py:188} INFO - [2024-12-27T14:41:31.275+0000] {dagbag.py:545} INFO - Filling up the DagBag from /opt/airflow/dags/raw_data_scheduling.py
[2024-12-27T14:41:32.364+0000] {processor.py:840} INFO - DAG(s) 'asdadas3' retrieved from /opt/airflow/dags/raw_data_scheduling.py
[2024-12-27T14:41:32.399+0000] {logging_mixin.py:188} INFO - [2024-12-27T14:41:32.398+0000] {dag.py:3089} INFO - Sync 1 DAGs
[2024-12-27T14:41:32.444+0000] {logging_mixin.py:188} INFO - [2024-12-27T14:41:32.444+0000] {dag.py:3947} INFO - Setting next_dagrun for asdadas3 to 2024-12-27 14:35:00+00:00, run_after=2024-12-27 14:40:00+00:00
[2024-12-27T14:41:32.481+0000] {processor.py:183} INFO - Processing /opt/airflow/dags/raw_data_scheduling.py took 1.221 seconds
[2024-12-27T14:42:02.695+0000] {processor.py:161} INFO - Started process (PID=393) to work on /opt/airflow/dags/raw_data_scheduling.py
[2024-12-27T14:42:02.697+0000] {processor.py:830} INFO - Processing file /opt/airflow/dags/raw_data_scheduling.py for tasks to queue
[2024-12-27T14:42:02.700+0000] {logging_mixin.py:188} INFO - [2024-12-27T14:42:02.699+0000] {dagbag.py:545} INFO - Filling up the DagBag from /opt/airflow/dags/raw_data_scheduling.py
[2024-12-27T14:42:04.085+0000] {processor.py:840} INFO - DAG(s) 'asdadas3' retrieved from /opt/airflow/dags/raw_data_scheduling.py
[2024-12-27T14:42:04.120+0000] {logging_mixin.py:188} INFO - [2024-12-27T14:42:04.119+0000] {dag.py:3089} INFO - Sync 1 DAGs
[2024-12-27T14:42:04.158+0000] {logging_mixin.py:188} INFO - [2024-12-27T14:42:04.158+0000] {dag.py:3947} INFO - Setting next_dagrun for asdadas3 to 2024-12-27 14:35:00+00:00, run_after=2024-12-27 14:40:00+00:00
[2024-12-27T14:42:04.190+0000] {processor.py:183} INFO - Processing /opt/airflow/dags/raw_data_scheduling.py took 1.505 seconds
[2024-12-27T14:42:34.448+0000] {processor.py:161} INFO - Started process (PID=401) to work on /opt/airflow/dags/raw_data_scheduling.py
[2024-12-27T14:42:34.450+0000] {processor.py:830} INFO - Processing file /opt/airflow/dags/raw_data_scheduling.py for tasks to queue
[2024-12-27T14:42:34.454+0000] {logging_mixin.py:188} INFO - [2024-12-27T14:42:34.453+0000] {dagbag.py:545} INFO - Filling up the DagBag from /opt/airflow/dags/raw_data_scheduling.py
[2024-12-27T14:42:35.649+0000] {processor.py:840} INFO - DAG(s) 'asdadas3' retrieved from /opt/airflow/dags/raw_data_scheduling.py
[2024-12-27T14:42:35.702+0000] {logging_mixin.py:188} INFO - [2024-12-27T14:42:35.701+0000] {dag.py:3089} INFO - Sync 1 DAGs
[2024-12-27T14:42:35.781+0000] {logging_mixin.py:188} INFO - [2024-12-27T14:42:35.781+0000] {dag.py:3947} INFO - Setting next_dagrun for asdadas3 to 2024-12-27 14:35:00+00:00, run_after=2024-12-27 14:40:00+00:00
[2024-12-27T14:42:35.815+0000] {processor.py:183} INFO - Processing /opt/airflow/dags/raw_data_scheduling.py took 1.379 seconds
[2024-12-27T14:43:06.048+0000] {processor.py:161} INFO - Started process (PID=409) to work on /opt/airflow/dags/raw_data_scheduling.py
[2024-12-27T14:43:06.050+0000] {processor.py:830} INFO - Processing file /opt/airflow/dags/raw_data_scheduling.py for tasks to queue
[2024-12-27T14:43:06.054+0000] {logging_mixin.py:188} INFO - [2024-12-27T14:43:06.053+0000] {dagbag.py:545} INFO - Filling up the DagBag from /opt/airflow/dags/raw_data_scheduling.py
[2024-12-27T14:43:07.379+0000] {processor.py:840} INFO - DAG(s) 'asdadas3' retrieved from /opt/airflow/dags/raw_data_scheduling.py
[2024-12-27T14:43:07.415+0000] {logging_mixin.py:188} INFO - [2024-12-27T14:43:07.414+0000] {dag.py:3089} INFO - Sync 1 DAGs
[2024-12-27T14:43:07.452+0000] {logging_mixin.py:188} INFO - [2024-12-27T14:43:07.452+0000] {dag.py:3947} INFO - Setting next_dagrun for asdadas3 to 2024-12-27 14:35:00+00:00, run_after=2024-12-27 14:40:00+00:00
[2024-12-27T14:43:07.485+0000] {processor.py:183} INFO - Processing /opt/airflow/dags/raw_data_scheduling.py took 1.449 seconds
[2024-12-27T14:43:37.710+0000] {processor.py:161} INFO - Started process (PID=417) to work on /opt/airflow/dags/raw_data_scheduling.py
[2024-12-27T14:43:37.711+0000] {processor.py:830} INFO - Processing file /opt/airflow/dags/raw_data_scheduling.py for tasks to queue
[2024-12-27T14:43:37.715+0000] {logging_mixin.py:188} INFO - [2024-12-27T14:43:37.714+0000] {dagbag.py:545} INFO - Filling up the DagBag from /opt/airflow/dags/raw_data_scheduling.py
[2024-12-27T14:43:38.870+0000] {processor.py:840} INFO - DAG(s) 'asdadas3' retrieved from /opt/airflow/dags/raw_data_scheduling.py
[2024-12-27T14:43:38.917+0000] {logging_mixin.py:188} INFO - [2024-12-27T14:43:38.916+0000] {dag.py:3089} INFO - Sync 1 DAGs
[2024-12-27T14:43:38.954+0000] {logging_mixin.py:188} INFO - [2024-12-27T14:43:38.954+0000] {dag.py:3947} INFO - Setting next_dagrun for asdadas3 to 2024-12-27 14:35:00+00:00, run_after=2024-12-27 14:40:00+00:00
[2024-12-27T14:43:38.987+0000] {processor.py:183} INFO - Processing /opt/airflow/dags/raw_data_scheduling.py took 1.287 seconds
[2024-12-27T14:44:09.213+0000] {processor.py:161} INFO - Started process (PID=425) to work on /opt/airflow/dags/raw_data_scheduling.py
[2024-12-27T14:44:09.215+0000] {processor.py:830} INFO - Processing file /opt/airflow/dags/raw_data_scheduling.py for tasks to queue
[2024-12-27T14:44:09.218+0000] {logging_mixin.py:188} INFO - [2024-12-27T14:44:09.217+0000] {dagbag.py:545} INFO - Filling up the DagBag from /opt/airflow/dags/raw_data_scheduling.py
[2024-12-27T14:44:10.829+0000] {processor.py:840} INFO - DAG(s) 'asdadas3' retrieved from /opt/airflow/dags/raw_data_scheduling.py
[2024-12-27T14:44:10.887+0000] {logging_mixin.py:188} INFO - [2024-12-27T14:44:10.886+0000] {dag.py:3089} INFO - Sync 1 DAGs
[2024-12-27T14:44:10.957+0000] {logging_mixin.py:188} INFO - [2024-12-27T14:44:10.956+0000] {dag.py:3947} INFO - Setting next_dagrun for asdadas3 to 2024-12-27 14:35:00+00:00, run_after=2024-12-27 14:40:00+00:00
[2024-12-27T14:44:11.006+0000] {processor.py:183} INFO - Processing /opt/airflow/dags/raw_data_scheduling.py took 1.803 seconds
[2024-12-27T14:44:41.149+0000] {processor.py:161} INFO - Started process (PID=433) to work on /opt/airflow/dags/raw_data_scheduling.py
[2024-12-27T14:44:41.151+0000] {processor.py:830} INFO - Processing file /opt/airflow/dags/raw_data_scheduling.py for tasks to queue
[2024-12-27T14:44:41.156+0000] {logging_mixin.py:188} INFO - [2024-12-27T14:44:41.155+0000] {dagbag.py:545} INFO - Filling up the DagBag from /opt/airflow/dags/raw_data_scheduling.py
[2024-12-27T14:44:42.818+0000] {processor.py:840} INFO - DAG(s) 'asdadas3' retrieved from /opt/airflow/dags/raw_data_scheduling.py
[2024-12-27T14:44:42.872+0000] {logging_mixin.py:188} INFO - [2024-12-27T14:44:42.871+0000] {dag.py:3089} INFO - Sync 1 DAGs
[2024-12-27T14:44:42.968+0000] {logging_mixin.py:188} INFO - [2024-12-27T14:44:42.967+0000] {dag.py:3947} INFO - Setting next_dagrun for asdadas3 to 2024-12-27 14:35:00+00:00, run_after=2024-12-27 14:40:00+00:00
[2024-12-27T14:44:43.013+0000] {processor.py:183} INFO - Processing /opt/airflow/dags/raw_data_scheduling.py took 1.876 seconds
[2024-12-27T14:45:13.282+0000] {processor.py:161} INFO - Started process (PID=441) to work on /opt/airflow/dags/raw_data_scheduling.py
[2024-12-27T14:45:13.283+0000] {processor.py:830} INFO - Processing file /opt/airflow/dags/raw_data_scheduling.py for tasks to queue
[2024-12-27T14:45:13.286+0000] {logging_mixin.py:188} INFO - [2024-12-27T14:45:13.286+0000] {dagbag.py:545} INFO - Filling up the DagBag from /opt/airflow/dags/raw_data_scheduling.py
[2024-12-27T14:45:14.973+0000] {processor.py:840} INFO - DAG(s) 'asdadas3' retrieved from /opt/airflow/dags/raw_data_scheduling.py
[2024-12-27T14:45:15.010+0000] {logging_mixin.py:188} INFO - [2024-12-27T14:45:15.009+0000] {dag.py:3089} INFO - Sync 1 DAGs
[2024-12-27T14:45:15.050+0000] {logging_mixin.py:188} INFO - [2024-12-27T14:45:15.050+0000] {dag.py:3947} INFO - Setting next_dagrun for asdadas3 to 2024-12-27 14:40:00+00:00, run_after=2024-12-27 14:45:00+00:00
[2024-12-27T14:45:15.083+0000] {processor.py:183} INFO - Processing /opt/airflow/dags/raw_data_scheduling.py took 1.813 seconds
[2024-12-27T14:45:45.350+0000] {processor.py:161} INFO - Started process (PID=449) to work on /opt/airflow/dags/raw_data_scheduling.py
[2024-12-27T14:45:45.351+0000] {processor.py:830} INFO - Processing file /opt/airflow/dags/raw_data_scheduling.py for tasks to queue
[2024-12-27T14:45:45.354+0000] {logging_mixin.py:188} INFO - [2024-12-27T14:45:45.354+0000] {dagbag.py:545} INFO - Filling up the DagBag from /opt/airflow/dags/raw_data_scheduling.py
[2024-12-27T14:45:46.545+0000] {processor.py:840} INFO - DAG(s) 'asdadas3' retrieved from /opt/airflow/dags/raw_data_scheduling.py
[2024-12-27T14:45:46.586+0000] {logging_mixin.py:188} INFO - [2024-12-27T14:45:46.586+0000] {dag.py:3089} INFO - Sync 1 DAGs
[2024-12-27T14:45:46.622+0000] {logging_mixin.py:188} INFO - [2024-12-27T14:45:46.622+0000] {dag.py:3947} INFO - Setting next_dagrun for asdadas3 to 2024-12-27 14:40:00+00:00, run_after=2024-12-27 14:45:00+00:00
[2024-12-27T14:45:46.657+0000] {processor.py:183} INFO - Processing /opt/airflow/dags/raw_data_scheduling.py took 1.318 seconds
[2024-12-27T14:46:16.814+0000] {processor.py:161} INFO - Started process (PID=463) to work on /opt/airflow/dags/raw_data_scheduling.py
[2024-12-27T14:46:16.816+0000] {processor.py:830} INFO - Processing file /opt/airflow/dags/raw_data_scheduling.py for tasks to queue
[2024-12-27T14:46:16.819+0000] {logging_mixin.py:188} INFO - [2024-12-27T14:46:16.819+0000] {dagbag.py:545} INFO - Filling up the DagBag from /opt/airflow/dags/raw_data_scheduling.py
[2024-12-27T14:46:17.934+0000] {processor.py:840} INFO - DAG(s) 'asdadas3' retrieved from /opt/airflow/dags/raw_data_scheduling.py
[2024-12-27T14:46:17.966+0000] {logging_mixin.py:188} INFO - [2024-12-27T14:46:17.965+0000] {dag.py:3089} INFO - Sync 1 DAGs
[2024-12-27T14:46:17.997+0000] {logging_mixin.py:188} INFO - [2024-12-27T14:46:17.997+0000] {dag.py:3947} INFO - Setting next_dagrun for asdadas3 to 2024-12-27 14:40:00+00:00, run_after=2024-12-27 14:45:00+00:00
[2024-12-27T14:46:18.028+0000] {processor.py:183} INFO - Processing /opt/airflow/dags/raw_data_scheduling.py took 1.223 seconds
[2024-12-27T14:46:48.256+0000] {processor.py:161} INFO - Started process (PID=471) to work on /opt/airflow/dags/raw_data_scheduling.py
[2024-12-27T14:46:48.258+0000] {processor.py:830} INFO - Processing file /opt/airflow/dags/raw_data_scheduling.py for tasks to queue
[2024-12-27T14:46:48.261+0000] {logging_mixin.py:188} INFO - [2024-12-27T14:46:48.261+0000] {dagbag.py:545} INFO - Filling up the DagBag from /opt/airflow/dags/raw_data_scheduling.py
[2024-12-27T14:46:49.470+0000] {processor.py:840} INFO - DAG(s) 'asdadas3' retrieved from /opt/airflow/dags/raw_data_scheduling.py
[2024-12-27T14:46:49.505+0000] {logging_mixin.py:188} INFO - [2024-12-27T14:46:49.505+0000] {dag.py:3089} INFO - Sync 1 DAGs
[2024-12-27T14:46:49.540+0000] {logging_mixin.py:188} INFO - [2024-12-27T14:46:49.540+0000] {dag.py:3947} INFO - Setting next_dagrun for asdadas3 to 2024-12-27 14:40:00+00:00, run_after=2024-12-27 14:45:00+00:00
[2024-12-27T14:46:49.572+0000] {processor.py:183} INFO - Processing /opt/airflow/dags/raw_data_scheduling.py took 1.327 seconds
[2024-12-27T14:47:19.799+0000] {processor.py:161} INFO - Started process (PID=479) to work on /opt/airflow/dags/raw_data_scheduling.py
[2024-12-27T14:47:19.800+0000] {processor.py:830} INFO - Processing file /opt/airflow/dags/raw_data_scheduling.py for tasks to queue
[2024-12-27T14:47:19.803+0000] {logging_mixin.py:188} INFO - [2024-12-27T14:47:19.802+0000] {dagbag.py:545} INFO - Filling up the DagBag from /opt/airflow/dags/raw_data_scheduling.py
[2024-12-27T14:47:21.595+0000] {processor.py:840} INFO - DAG(s) 'asdadas3' retrieved from /opt/airflow/dags/raw_data_scheduling.py
[2024-12-27T14:47:21.639+0000] {logging_mixin.py:188} INFO - [2024-12-27T14:47:21.638+0000] {dag.py:3089} INFO - Sync 1 DAGs
[2024-12-27T14:47:21.684+0000] {logging_mixin.py:188} INFO - [2024-12-27T14:47:21.684+0000] {dag.py:3947} INFO - Setting next_dagrun for asdadas3 to 2024-12-27 14:40:00+00:00, run_after=2024-12-27 14:45:00+00:00
[2024-12-27T14:47:21.727+0000] {processor.py:183} INFO - Processing /opt/airflow/dags/raw_data_scheduling.py took 1.941 seconds
[2024-12-27T14:47:51.972+0000] {processor.py:161} INFO - Started process (PID=487) to work on /opt/airflow/dags/raw_data_scheduling.py
[2024-12-27T14:47:51.973+0000] {processor.py:830} INFO - Processing file /opt/airflow/dags/raw_data_scheduling.py for tasks to queue
[2024-12-27T14:47:51.976+0000] {logging_mixin.py:188} INFO - [2024-12-27T14:47:51.976+0000] {dagbag.py:545} INFO - Filling up the DagBag from /opt/airflow/dags/raw_data_scheduling.py
[2024-12-27T14:47:53.073+0000] {processor.py:840} INFO - DAG(s) 'asdadas3' retrieved from /opt/airflow/dags/raw_data_scheduling.py
[2024-12-27T14:47:53.109+0000] {logging_mixin.py:188} INFO - [2024-12-27T14:47:53.109+0000] {dag.py:3089} INFO - Sync 1 DAGs
[2024-12-27T14:47:53.147+0000] {logging_mixin.py:188} INFO - [2024-12-27T14:47:53.147+0000] {dag.py:3947} INFO - Setting next_dagrun for asdadas3 to 2024-12-27 14:40:00+00:00, run_after=2024-12-27 14:45:00+00:00
[2024-12-27T14:47:53.182+0000] {processor.py:183} INFO - Processing /opt/airflow/dags/raw_data_scheduling.py took 1.220 seconds
[2024-12-27T14:48:23.403+0000] {processor.py:161} INFO - Started process (PID=495) to work on /opt/airflow/dags/raw_data_scheduling.py
[2024-12-27T14:48:23.405+0000] {processor.py:830} INFO - Processing file /opt/airflow/dags/raw_data_scheduling.py for tasks to queue
[2024-12-27T14:48:23.408+0000] {logging_mixin.py:188} INFO - [2024-12-27T14:48:23.407+0000] {dagbag.py:545} INFO - Filling up the DagBag from /opt/airflow/dags/raw_data_scheduling.py
[2024-12-27T14:48:24.504+0000] {processor.py:840} INFO - DAG(s) 'asdadas3' retrieved from /opt/airflow/dags/raw_data_scheduling.py
[2024-12-27T14:48:24.538+0000] {logging_mixin.py:188} INFO - [2024-12-27T14:48:24.538+0000] {dag.py:3089} INFO - Sync 1 DAGs
[2024-12-27T14:48:24.574+0000] {logging_mixin.py:188} INFO - [2024-12-27T14:48:24.574+0000] {dag.py:3947} INFO - Setting next_dagrun for asdadas3 to 2024-12-27 14:40:00+00:00, run_after=2024-12-27 14:45:00+00:00
[2024-12-27T14:48:24.607+0000] {processor.py:183} INFO - Processing /opt/airflow/dags/raw_data_scheduling.py took 1.216 seconds
[2024-12-27T14:48:54.835+0000] {processor.py:161} INFO - Started process (PID=503) to work on /opt/airflow/dags/raw_data_scheduling.py
[2024-12-27T14:48:54.838+0000] {processor.py:830} INFO - Processing file /opt/airflow/dags/raw_data_scheduling.py for tasks to queue
[2024-12-27T14:48:54.842+0000] {logging_mixin.py:188} INFO - [2024-12-27T14:48:54.841+0000] {dagbag.py:545} INFO - Filling up the DagBag from /opt/airflow/dags/raw_data_scheduling.py
[2024-12-27T14:48:56.209+0000] {processor.py:840} INFO - DAG(s) 'asdadas3' retrieved from /opt/airflow/dags/raw_data_scheduling.py
[2024-12-27T14:48:56.247+0000] {logging_mixin.py:188} INFO - [2024-12-27T14:48:56.247+0000] {dag.py:3089} INFO - Sync 1 DAGs
[2024-12-27T14:48:56.282+0000] {logging_mixin.py:188} INFO - [2024-12-27T14:48:56.282+0000] {dag.py:3947} INFO - Setting next_dagrun for asdadas3 to 2024-12-27 14:40:00+00:00, run_after=2024-12-27 14:45:00+00:00
[2024-12-27T14:48:56.315+0000] {processor.py:183} INFO - Processing /opt/airflow/dags/raw_data_scheduling.py took 1.492 seconds
[2024-12-27T14:49:26.555+0000] {processor.py:161} INFO - Started process (PID=511) to work on /opt/airflow/dags/raw_data_scheduling.py
[2024-12-27T14:49:26.557+0000] {processor.py:830} INFO - Processing file /opt/airflow/dags/raw_data_scheduling.py for tasks to queue
[2024-12-27T14:49:26.562+0000] {logging_mixin.py:188} INFO - [2024-12-27T14:49:26.561+0000] {dagbag.py:545} INFO - Filling up the DagBag from /opt/airflow/dags/raw_data_scheduling.py
[2024-12-27T14:49:27.950+0000] {processor.py:840} INFO - DAG(s) 'asdadas3' retrieved from /opt/airflow/dags/raw_data_scheduling.py
[2024-12-27T14:49:27.998+0000] {logging_mixin.py:188} INFO - [2024-12-27T14:49:27.997+0000] {dag.py:3089} INFO - Sync 1 DAGs
[2024-12-27T14:49:28.039+0000] {logging_mixin.py:188} INFO - [2024-12-27T14:49:28.038+0000] {dag.py:3947} INFO - Setting next_dagrun for asdadas3 to 2024-12-27 14:40:00+00:00, run_after=2024-12-27 14:45:00+00:00
[2024-12-27T14:49:28.093+0000] {processor.py:183} INFO - Processing /opt/airflow/dags/raw_data_scheduling.py took 1.555 seconds
[2024-12-27T14:49:58.327+0000] {processor.py:161} INFO - Started process (PID=519) to work on /opt/airflow/dags/raw_data_scheduling.py
[2024-12-27T14:49:58.328+0000] {processor.py:830} INFO - Processing file /opt/airflow/dags/raw_data_scheduling.py for tasks to queue
[2024-12-27T14:49:58.331+0000] {logging_mixin.py:188} INFO - [2024-12-27T14:49:58.331+0000] {dagbag.py:545} INFO - Filling up the DagBag from /opt/airflow/dags/raw_data_scheduling.py
[2024-12-27T14:49:59.729+0000] {processor.py:840} INFO - DAG(s) 'asdadas3' retrieved from /opt/airflow/dags/raw_data_scheduling.py
[2024-12-27T14:49:59.793+0000] {logging_mixin.py:188} INFO - [2024-12-27T14:49:59.792+0000] {dag.py:3089} INFO - Sync 1 DAGs
[2024-12-27T14:49:59.852+0000] {logging_mixin.py:188} INFO - [2024-12-27T14:49:59.852+0000] {dag.py:3947} INFO - Setting next_dagrun for asdadas3 to 2024-12-27 14:40:00+00:00, run_after=2024-12-27 14:45:00+00:00
[2024-12-27T14:49:59.908+0000] {processor.py:183} INFO - Processing /opt/airflow/dags/raw_data_scheduling.py took 1.593 seconds
[2024-12-27T14:50:30.256+0000] {processor.py:161} INFO - Started process (PID=527) to work on /opt/airflow/dags/raw_data_scheduling.py
[2024-12-27T14:50:30.258+0000] {processor.py:830} INFO - Processing file /opt/airflow/dags/raw_data_scheduling.py for tasks to queue
[2024-12-27T14:50:30.262+0000] {logging_mixin.py:188} INFO - [2024-12-27T14:50:30.261+0000] {dagbag.py:545} INFO - Filling up the DagBag from /opt/airflow/dags/raw_data_scheduling.py
[2024-12-27T14:50:31.572+0000] {processor.py:840} INFO - DAG(s) 'asdadas3' retrieved from /opt/airflow/dags/raw_data_scheduling.py
[2024-12-27T14:50:31.609+0000] {logging_mixin.py:188} INFO - [2024-12-27T14:50:31.608+0000] {dag.py:3089} INFO - Sync 1 DAGs
[2024-12-27T14:50:31.648+0000] {logging_mixin.py:188} INFO - [2024-12-27T14:50:31.647+0000] {dag.py:3947} INFO - Setting next_dagrun for asdadas3 to 2024-12-27 14:45:00+00:00, run_after=2024-12-27 14:50:00+00:00
[2024-12-27T14:50:31.681+0000] {processor.py:183} INFO - Processing /opt/airflow/dags/raw_data_scheduling.py took 1.435 seconds
[2024-12-27T14:51:01.888+0000] {processor.py:161} INFO - Started process (PID=535) to work on /opt/airflow/dags/raw_data_scheduling.py
[2024-12-27T14:51:01.890+0000] {processor.py:830} INFO - Processing file /opt/airflow/dags/raw_data_scheduling.py for tasks to queue
[2024-12-27T14:51:01.892+0000] {logging_mixin.py:188} INFO - [2024-12-27T14:51:01.892+0000] {dagbag.py:545} INFO - Filling up the DagBag from /opt/airflow/dags/raw_data_scheduling.py
[2024-12-27T14:51:02.908+0000] {processor.py:840} INFO - DAG(s) 'asdadas3' retrieved from /opt/airflow/dags/raw_data_scheduling.py
[2024-12-27T14:51:02.940+0000] {logging_mixin.py:188} INFO - [2024-12-27T14:51:02.940+0000] {dag.py:3089} INFO - Sync 1 DAGs
[2024-12-27T14:51:02.975+0000] {logging_mixin.py:188} INFO - [2024-12-27T14:51:02.975+0000] {dag.py:3947} INFO - Setting next_dagrun for asdadas3 to 2024-12-27 14:45:00+00:00, run_after=2024-12-27 14:50:00+00:00
[2024-12-27T14:51:03.005+0000] {processor.py:183} INFO - Processing /opt/airflow/dags/raw_data_scheduling.py took 1.127 seconds
[2024-12-27T14:51:33.089+0000] {processor.py:161} INFO - Started process (PID=544) to work on /opt/airflow/dags/raw_data_scheduling.py
[2024-12-27T14:51:33.090+0000] {processor.py:830} INFO - Processing file /opt/airflow/dags/raw_data_scheduling.py for tasks to queue
[2024-12-27T14:51:33.093+0000] {logging_mixin.py:188} INFO - [2024-12-27T14:51:33.093+0000] {dagbag.py:545} INFO - Filling up the DagBag from /opt/airflow/dags/raw_data_scheduling.py
[2024-12-27T14:51:34.111+0000] {processor.py:840} INFO - DAG(s) 'asdadas3' retrieved from /opt/airflow/dags/raw_data_scheduling.py
[2024-12-27T14:51:34.143+0000] {logging_mixin.py:188} INFO - [2024-12-27T14:51:34.143+0000] {dag.py:3089} INFO - Sync 1 DAGs
[2024-12-27T14:51:34.176+0000] {logging_mixin.py:188} INFO - [2024-12-27T14:51:34.175+0000] {dag.py:3947} INFO - Setting next_dagrun for asdadas3 to 2024-12-27 14:45:00+00:00, run_after=2024-12-27 14:50:00+00:00
[2024-12-27T14:51:34.203+0000] {processor.py:183} INFO - Processing /opt/airflow/dags/raw_data_scheduling.py took 1.124 seconds
[2024-12-27T14:52:04.442+0000] {processor.py:161} INFO - Started process (PID=552) to work on /opt/airflow/dags/raw_data_scheduling.py
[2024-12-27T14:52:04.443+0000] {processor.py:830} INFO - Processing file /opt/airflow/dags/raw_data_scheduling.py for tasks to queue
[2024-12-27T14:52:04.446+0000] {logging_mixin.py:188} INFO - [2024-12-27T14:52:04.445+0000] {dagbag.py:545} INFO - Filling up the DagBag from /opt/airflow/dags/raw_data_scheduling.py
[2024-12-27T14:52:05.643+0000] {processor.py:840} INFO - DAG(s) 'asdadas3' retrieved from /opt/airflow/dags/raw_data_scheduling.py
[2024-12-27T14:52:05.682+0000] {logging_mixin.py:188} INFO - [2024-12-27T14:52:05.681+0000] {dag.py:3089} INFO - Sync 1 DAGs
[2024-12-27T14:52:05.724+0000] {logging_mixin.py:188} INFO - [2024-12-27T14:52:05.724+0000] {dag.py:3947} INFO - Setting next_dagrun for asdadas3 to 2024-12-27 14:45:00+00:00, run_after=2024-12-27 14:50:00+00:00
[2024-12-27T14:52:05.762+0000] {processor.py:183} INFO - Processing /opt/airflow/dags/raw_data_scheduling.py took 1.330 seconds
[2024-12-27T14:52:36.053+0000] {processor.py:161} INFO - Started process (PID=560) to work on /opt/airflow/dags/raw_data_scheduling.py
[2024-12-27T14:52:36.056+0000] {processor.py:830} INFO - Processing file /opt/airflow/dags/raw_data_scheduling.py for tasks to queue
[2024-12-27T14:52:36.060+0000] {logging_mixin.py:188} INFO - [2024-12-27T14:52:36.059+0000] {dagbag.py:545} INFO - Filling up the DagBag from /opt/airflow/dags/raw_data_scheduling.py
[2024-12-27T14:52:37.264+0000] {processor.py:840} INFO - DAG(s) 'asdadas3' retrieved from /opt/airflow/dags/raw_data_scheduling.py
[2024-12-27T14:52:37.300+0000] {logging_mixin.py:188} INFO - [2024-12-27T14:52:37.300+0000] {dag.py:3089} INFO - Sync 1 DAGs
[2024-12-27T14:52:37.339+0000] {logging_mixin.py:188} INFO - [2024-12-27T14:52:37.338+0000] {dag.py:3947} INFO - Setting next_dagrun for asdadas3 to 2024-12-27 14:45:00+00:00, run_after=2024-12-27 14:50:00+00:00
[2024-12-27T14:52:37.371+0000] {processor.py:183} INFO - Processing /opt/airflow/dags/raw_data_scheduling.py took 1.350 seconds
